<?xml version="1.0" encoding="UTF-8"?>
<testsuites>
    <testsuite name="force.apex" timestamp="2022-11-04T05:58:31+00:00" hostname="https://infosys52-dev-ed.my.salesforce.com" tests="1" failures="0"  errors="0"  time="0.01">
        <properties>
            <property name="outcome" value="Passed"/>
            <property name="testsRan" value="1"/>
            <property name="passing" value="1"/>
            <property name="failing" value="0"/>
            <property name="skipped" value="0"/>
            <property name="passRate" value="100%"/>
            <property name="failRate" value="0%"/>
            <property name="testStartTime" value="Nov 4, 2022 5:58 AM"/>
            <property name="testExecutionTime" value="0.01 s"/>
            <property name="testTotalTime" value="0.01 s"/>
            <property name="commandTime" value="5.78 s"/>
            <property name="hostname" value="https://infosys52-dev-ed.my.salesforce.com"/>
            <property name="orgId" value="00D5g00000KDpVGEA1"/>
            <property name="username" value="98gu@infy.com"/>
            <property name="testRunId" value="7075g00004y4pk2"/>
            <property name="userId" value="0055g00000HkcCjAAJ"/>
            <property name="testRunCoverage" value="100%"/>
            <property name="orgWideCoverage" value="100%"/>
        </properties>
        <testcase name="warmTempTest" classname="TemperatureTest" time="0.01">
        </testcase>
    </testsuite>
</testsuites>
